# JRE version: 7.0_25-b17
# Java VM: Java HotSpot(TM) 64-Bit Server VM (23.25-b01 mixed mode windows-amd64 compressed oops)
Heap
 PSYoungGen      total 613248K, used 553828K [0x00000007d5560000, 0x0000000800000000, 0x0000000800000000)
  eden space 611968K, 90% used [0x00000007d5560000,0x00000007f72392b8,0x00000007fab00000)
  from space 1280K, 0% used [0x00000007fab00000,0x00000007fab00000,0x00000007fac40000)
  to   space 43776K, 0% used [0x00000007fd540000,0x00000007fd540000,0x0000000800000000)
 ParOldGen       total 117248K, used 50363K [0x0000000780000000, 0x0000000787280000, 0x00000007d5560000)
  object space 117248K, 42% used [0x0000000780000000,0x000000078312efb8,0x0000000787280000)
 PSPermGen       total 120640K, used 65987K [0x0000000760000000, 0x00000007675d0000, 0x0000000780000000)
  object space 120640K, 54% used [0x0000000760000000,0x0000000764070f28,0x00000007675d0000)
GC Heap History (10 events):
Event: 79.194 GC heap before
{Heap before GC invocations=9 (full 1):
 PSYoungGen      total 521600K, used 23935K [0x00000007d5560000, 0x00000007f8220000, 0x0000000800000000)
  eden space 497664K, 0% used [0x00000007d5560000,0x00000007d5560000,0x00000007f3b60000)
  from space 23936K, 99% used [0x00000007f5ac0000,0x00000007f721ff30,0x00000007f7220000)
  to   space 32128K, 0% used [0x00000007f3b60000,0x00000007f3b60000,0x00000007f5ac0000)
 ParOldGen       total 84224K, used 42246K [0x0000000780000000, 0x0000000785240000, 0x00000007d5560000)
  object space 84224K, 50% used [0x0000000780000000,0x0000000782941ae0,0x0000000785240000)
 PSPermGen       total 47744K, used 47607K [0x0000000760000000, 0x0000000762ea0000, 0x0000000780000000)
  object space 47744K, 99% used [0x0000000760000000,0x0000000762e7ded8,0x0000000762ea0000)
Event: 80.608 GC heap after
Heap after GC invocations=9 (full 1):
 PSYoungGen      total 521600K, used 0K [0x00000007d5560000, 0x00000007f8220000, 0x0000000800000000)
  eden space 497664K, 0% used [0x00000007d5560000,0x00000007d5560000,0x00000007f3b60000)
  from space 23936K, 0% used [0x00000007f5ac0000,0x00000007f5ac0000,0x00000007f7220000)
  to   space 32128K, 0% used [0x00000007f3b60000,0x00000007f3b60000,0x00000007f5ac0000)
 ParOldGen       total 84224K, used 54112K [0x0000000780000000, 0x0000000785240000, 0x00000007d5560000)
  object space 84224K, 64% used [0x0000000780000000,0x00000007834d8148,0x0000000785240000)
 PSPermGen       total 95424K, used 47505K [0x0000000760000000, 0x0000000765d30000, 0x0000000780000000)
  object space 95424K, 49% used [0x0000000760000000,0x0000000762e64788,0x0000000765d30000)
}
Event: 2993.431 GC heap before
{Heap before GC invocations=10 (full 1):
 PSYoungGen      total 521600K, used 497664K [0x00000007d5560000, 0x00000007f8220000, 0x0000000800000000)
  eden space 497664K, 100% used [0x00000007d5560000,0x00000007f3b60000,0x00000007f3b60000)
  from space 23936K, 0% used [0x00000007f5ac0000,0x00000007f5ac0000,0x00000007f7220000)
  to   space 32128K, 0% used [0x00000007f3b60000,0x00000007f3b60000,0x00000007f5ac0000)
 ParOldGen       total 84224K, used 54112K [0x0000000780000000, 0x0000000785240000, 0x00000007d5560000)
  object space 84224K, 64% used [0x0000000780000000,0x00000007834d8148,0x0000000785240000)
 PSPermGen       total 95424K, used 64871K [0x0000000760000000, 0x0000000765d30000, 0x0000000780000000)
  object space 95424K, 67% used [0x0000000760000000,0x0000000763f59f98,0x0000000765d30000)
Event: 3070.001 GC heap after
Heap after GC invocations=10 (full 1):
 PSYoungGen      total 529792K, used 32125K [0x00000007d5560000, 0x0000000800000000, 0x0000000800000000)
  eden space 497664K, 0% used [0x00000007d5560000,0x00000007d5560000,0x00000007f3b60000)
  from space 32128K, 99% used [0x00000007f3b60000,0x00000007f5abf700,0x00000007f5ac0000)
  to   space 40192K, 0% used [0x00000007fd8c0000,0x00000007fd8c0000,0x0000000800000000)
 ParOldGen       total 84224K, used 60501K [0x0000000780000000, 0x0000000785240000, 0x00000007d5560000)
  object space 84224K, 71% used [0x0000000780000000,0x0000000783b154c8,0x0000000785240000)
 PSPermGen       total 95424K, used 64871K [0x0000000760000000, 0x0000000765d30000, 0x0000000780000000)
  object space 95424K, 67% used [0x0000000760000000,0x0000000763f59f98,0x0000000765d30000)
}
Event: 3133.249 GC heap before
{Heap before GC invocations=11 (full 1):
 PSYoungGen      total 529792K, used 529789K [0x00000007d5560000, 0x0000000800000000, 0x0000000800000000)
  eden space 497664K, 100% used [0x00000007d5560000,0x00000007f3b60000,0x00000007f3b60000)
  from space 32128K, 99% used [0x00000007f3b60000,0x00000007f5abf700,0x00000007f5ac0000)
  to   space 40192K, 0% used [0x00000007fd8c0000,0x00000007fd8c0000,0x0000000800000000)
 ParOldGen       total 84224K, used 60501K [0x0000000780000000, 0x0000000785240000, 0x00000007d5560000)
  object space 84224K, 71% used [0x0000000780000000,0x0000000783b154c8,0x0000000785240000)
 PSPermGen       total 95424K, used 67519K [0x0000000760000000, 0x0000000765d30000, 0x0000000780000000)
  object space 95424K, 70% used [0x0000000760000000,0x00000007641efc10,0x0000000765d30000)
Event: 3133.640 GC heap after
Heap after GC invocations=11 (full 1):
 PSYoungGen      total 652160K, used 31804K [0x00000007d5560000, 0x0000000800000000, 0x0000000800000000)
  eden space 611968K, 0% used [0x00000007d5560000,0x00000007d5560000,0x00000007fab00000)
  from space 40192K, 79% used [0x00000007fd8c0000,0x00000007ff7cf1e0,0x0000000800000000)
  to   space 43520K, 0% used [0x00000007fab00000,0x00000007fab00000,0x00000007fd580000)
 ParOldGen       total 84224K, used 60501K [0x0000000780000000, 0x0000000785240000, 0x00000007d5560000)
  object space 84224K, 71% used [0x0000000780000000,0x0000000783b154c8,0x0000000785240000)
 PSPermGen       total 95424K, used 67519K [0x0000000760000000, 0x0000000765d30000, 0x0000000780000000)
  object space 95424K, 70% used [0x0000000760000000,0x00000007641efc10,0x0000000765d30000)
}
Event: 3157.026 GC heap before
{Heap before GC invocations=12 (full 1):
 PSYoungGen      total 652160K, used 643772K [0x00000007d5560000, 0x0000000800000000, 0x0000000800000000)
  eden space 611968K, 100% used [0x00000007d5560000,0x00000007fab00000,0x00000007fab00000)
  from space 40192K, 79% used [0x00000007fd8c0000,0x00000007ff7cf1e0,0x0000000800000000)
  to   space 43520K, 0% used [0x00000007fab00000,0x00000007fab00000,0x00000007fd580000)
 ParOldGen       total 84224K, used 60501K [0x0000000780000000, 0x0000000785240000, 0x00000007d5560000)
  object space 84224K, 71% used [0x0000000780000000,0x0000000783b154c8,0x0000000785240000)
 PSPermGen       total 95424K, used 67529K [0x0000000760000000, 0x0000000765d30000, 0x0000000780000000)
  object space 95424K, 70% used [0x0000000760000000,0x00000007641f2748,0x0000000765d30000)
Event: 3157.530 GC heap after
Heap after GC invocations=12 (full 1):
 PSYoungGen      total 613248K, used 1280K [0x00000007d5560000, 0x0000000800000000, 0x0000000800000000)
  eden space 611968K, 0% used [0x00000007d5560000,0x00000007d5560000,0x00000007fab00000)
  from space 1280K, 100% used [0x00000007fab00000,0x00000007fac40000,0x00000007fac40000)
  to   space 43776K, 0% used [0x00000007fd540000,0x00000007fd540000,0x0000000800000000)
 ParOldGen       total 90560K, used 90492K [0x0000000780000000, 0x0000000785870000, 0x00000007d5560000)
  object space 90560K, 99% used [0x0000000780000000,0x000000078585f210,0x0000000785870000)
 PSPermGen       total 95424K, used 67529K [0x0000000760000000, 0x0000000765d30000, 0x0000000780000000)
  object space 95424K, 70% used [0x0000000760000000,0x00000007641f2748,0x0000000765d30000)
}
Event: 3157.530 GC heap before
{Heap before GC invocations=13 (full 2):
 PSYoungGen      total 613248K, used 1280K [0x00000007d5560000, 0x0000000800000000, 0x0000000800000000)
  eden space 611968K, 0% used [0x00000007d5560000,0x00000007d5560000,0x00000007fab00000)
  from space 1280K, 100% used [0x00000007fab00000,0x00000007fac40000,0x00000007fac40000)
  to   space 43776K, 0% used [0x00000007fd540000,0x00000007fd540000,0x0000000800000000)
 ParOldGen       total 90560K, used 90492K [0x0000000780000000, 0x0000000785870000, 0x00000007d5560000)
  object space 90560K, 99% used [0x0000000780000000,0x000000078585f210,0x0000000785870000)
 PSPermGen       total 95424K, used 67529K [0x0000000760000000, 0x0000000765d30000, 0x0000000780000000)
  object space 95424K, 70% used [0x0000000760000000,0x00000007641f2748,0x0000000765d30000)
Event: 3186.743 GC heap after
Heap after GC invocations=13 (full 2):
 PSYoungGen      total 613248K, used 0K [0x00000007d5560000, 0x0000000800000000, 0x0000000800000000)
  eden space 611968K, 0% used [0x00000007d5560000,0x00000007d5560000,0x00000007fab00000)
  from space 1280K, 0% used [0x00000007fab00000,0x00000007fab00000,0x00000007fac40000)
  to   space 43776K, 0% used [0x00000007fd540000,0x00000007fd540000,0x0000000800000000)
 ParOldGen       total 117248K, used 50363K [0x0000000780000000, 0x0000000787280000, 0x00000007d5560000)
  object space 117248K, 42% used [0x0000000780000000,0x000000078312efb8,0x0000000787280000)
 PSPermGen       total 120640K, used 65869K [0x0000000760000000, 0x00000007675d0000, 0x0000000780000000)
  object space 120640K, 54% used [0x0000000760000000,0x00000007640534c8,0x00000007675d0000)
}

