# JRE version: 7.0_25-b17
# Java VM: Java HotSpot(TM) 64-Bit Server VM (23.25-b01 mixed mode windows-amd64 compressed oops)
Heap
 PSYoungGen      total 528832K, used 119604K [0x00000007d5560000, 0x00000007f6e10000, 0x0000000800000000)
  eden space 508352K, 23% used [0x00000007d5560000,0x00000007dca2d058,0x00000007f45d0000)
  from space 20480K, 0% used [0x00000007f5a10000,0x00000007f5a10000,0x00000007f6e10000)
  to   space 20608K, 0% used [0x00000007f45d0000,0x00000007f45d0000,0x00000007f59f0000)
 ParOldGen       total 84224K, used 43435K [0x0000000780000000, 0x0000000785240000, 0x00000007d5560000)
  object space 84224K, 51% used [0x0000000780000000,0x0000000782a6ad18,0x0000000785240000)
 PSPermGen       total 95616K, used 47638K [0x0000000760000000, 0x0000000765d60000, 0x0000000780000000)
  object space 95616K, 49% used [0x0000000760000000,0x0000000762e85bd0,0x0000000765d60000)
GC Heap History (10 events):
Event: 94.023 GC heap before
{Heap before GC invocations=11 (full 0):
 PSYoungGen      total 208448K, used 208427K [0x00000007d5560000, 0x00000007e33a0000, 0x0000000800000000)
  eden space 198720K, 100% used [0x00000007d5560000,0x00000007e1770000,0x00000007e1770000)
  from space 9728K, 99% used [0x00000007e2400000,0x00000007e2d7ac38,0x00000007e2d80000)
  to   space 12864K, 0% used [0x00000007e1770000,0x00000007e1770000,0x00000007e2400000)
 ParOldGen       total 84224K, used 18449K [0x0000000780000000, 0x0000000785240000, 0x00000007d5560000)
  object space 84224K, 21% used [0x0000000780000000,0x0000000781204538,0x0000000785240000)
 PSPermGen       total 30464K, used 30292K [0x0000000760000000, 0x0000000761dc0000, 0x0000000780000000)
  object space 30464K, 99% used [0x0000000760000000,0x0000000761d95278,0x0000000761dc0000)
Event: 94.120 GC heap after
Heap after GC invocations=11 (full 0):
 PSYoungGen      total 211584K, used 3198K [0x00000007d5560000, 0x00000007ea4e0000, 0x0000000800000000)
  eden space 198720K, 0% used [0x00000007d5560000,0x00000007d5560000,0x00000007e1770000)
  from space 12864K, 24% used [0x00000007e1770000,0x00000007e1a8f928,0x00000007e2400000)
  to   space 12800K, 0% used [0x00000007e9860000,0x00000007e9860000,0x00000007ea4e0000)
 ParOldGen       total 84224K, used 26902K [0x0000000780000000, 0x0000000785240000, 0x00000007d5560000)
  object space 84224K, 31% used [0x0000000780000000,0x0000000781a45858,0x0000000785240000)
 PSPermGen       total 30464K, used 30292K [0x0000000760000000, 0x0000000761dc0000, 0x0000000780000000)
  object space 30464K, 99% used [0x0000000760000000,0x0000000761d95278,0x0000000761dc0000)
}
Event: 101.906 GC heap before
{Heap before GC invocations=12 (full 0):
 PSYoungGen      total 211584K, used 201918K [0x00000007d5560000, 0x00000007ea4e0000, 0x0000000800000000)
  eden space 198720K, 100% used [0x00000007d5560000,0x00000007e1770000,0x00000007e1770000)
  from space 12864K, 24% used [0x00000007e1770000,0x00000007e1a8f928,0x00000007e2400000)
  to   space 12800K, 0% used [0x00000007e9860000,0x00000007e9860000,0x00000007ea4e0000)
 ParOldGen       total 84224K, used 26902K [0x0000000780000000, 0x0000000785240000, 0x00000007d5560000)
  object space 84224K, 31% used [0x0000000780000000,0x0000000781a45858,0x0000000785240000)
 PSPermGen       total 30464K, used 30352K [0x0000000760000000, 0x0000000761dc0000, 0x0000000780000000)
  object space 30464K, 99% used [0x0000000760000000,0x0000000761da4290,0x0000000761dc0000)
Event: 101.999 GC heap after
Heap after GC invocations=12 (full 0):
 PSYoungGen      total 330496K, used 928K [0x00000007d5560000, 0x00000007ea560000, 0x0000000800000000)
  eden space 317696K, 0% used [0x00000007d5560000,0x00000007d5560000,0x00000007e8ba0000)
  from space 12800K, 7% used [0x00000007e9860000,0x00000007e9948020,0x00000007ea4e0000)
  to   space 13056K, 0% used [0x00000007e8ba0000,0x00000007e8ba0000,0x00000007e9860000)
 ParOldGen       total 84224K, used 29424K [0x0000000780000000, 0x0000000785240000, 0x00000007d5560000)
  object space 84224K, 34% used [0x0000000780000000,0x0000000781cbc368,0x0000000785240000)
 PSPermGen       total 30464K, used 30352K [0x0000000760000000, 0x0000000761dc0000, 0x0000000780000000)
  object space 30464K, 99% used [0x0000000760000000,0x0000000761da4290,0x0000000761dc0000)
}
Event: 136.860 GC heap before
{Heap before GC invocations=13 (full 0):
 PSYoungGen      total 330496K, used 318624K [0x00000007d5560000, 0x00000007ea560000, 0x0000000800000000)
  eden space 317696K, 100% used [0x00000007d5560000,0x00000007e8ba0000,0x00000007e8ba0000)
  from space 12800K, 7% used [0x00000007e9860000,0x00000007e9948020,0x00000007ea4e0000)
  to   space 13056K, 0% used [0x00000007e8ba0000,0x00000007e8ba0000,0x00000007e9860000)
 ParOldGen       total 84224K, used 29424K [0x0000000780000000, 0x0000000785240000, 0x00000007d5560000)
  object space 84224K, 34% used [0x0000000780000000,0x0000000781cbc368,0x0000000785240000)
 PSPermGen       total 41984K, used 41808K [0x0000000760000000, 0x0000000762900000, 0x0000000780000000)
  object space 41984K, 99% used [0x0000000760000000,0x00000007628d43c0,0x0000000762900000)
Event: 137.420 GC heap after
Heap after GC invocations=13 (full 0):
 PSYoungGen      total 330752K, used 13029K [0x00000007d5560000, 0x00000007f6e50000, 0x0000000800000000)
  eden space 317696K, 0% used [0x00000007d5560000,0x00000007d5560000,0x00000007e8ba0000)
  from space 13056K, 99% used [0x00000007e8ba0000,0x00000007e98594b8,0x00000007e9860000)
  to   space 20736K, 0% used [0x00000007f5a10000,0x00000007f5a10000,0x00000007f6e50000)
 ParOldGen       total 84224K, used 44742K [0x0000000780000000, 0x0000000785240000, 0x00000007d5560000)
  object space 84224K, 53% used [0x0000000780000000,0x0000000782bb1b68,0x0000000785240000)
 PSPermGen       total 41984K, used 41808K [0x0000000760000000, 0x0000000762900000, 0x0000000780000000)
  object space 41984K, 99% used [0x0000000760000000,0x00000007628d43c0,0x0000000762900000)
}
Event: 163.185 GC heap before
{Heap before GC invocations=14 (full 0):
 PSYoungGen      total 330752K, used 116363K [0x00000007d5560000, 0x00000007f6e50000, 0x0000000800000000)
  eden space 317696K, 32% used [0x00000007d5560000,0x00000007dba49838,0x00000007e8ba0000)
  from space 13056K, 99% used [0x00000007e8ba0000,0x00000007e98594b8,0x00000007e9860000)
  to   space 20736K, 0% used [0x00000007f5a10000,0x00000007f5a10000,0x00000007f6e50000)
 ParOldGen       total 84224K, used 44742K [0x0000000780000000, 0x0000000785240000, 0x00000007d5560000)
  object space 84224K, 53% used [0x0000000780000000,0x0000000782bb1b68,0x0000000785240000)
 PSPermGen       total 47936K, used 47849K [0x0000000760000000, 0x0000000762ed0000, 0x0000000780000000)
  object space 47936K, 99% used [0x0000000760000000,0x0000000762eba6f0,0x0000000762ed0000)
Event: 163.601 GC heap after
Heap after GC invocations=14 (full 0):
 PSYoungGen      total 528832K, used 11102K [0x00000007d5560000, 0x00000007f6e10000, 0x0000000800000000)
  eden space 508352K, 0% used [0x00000007d5560000,0x00000007d5560000,0x00000007f45d0000)
  from space 20480K, 54% used [0x00000007f5a10000,0x00000007f64e7828,0x00000007f6e10000)
  to   space 20608K, 0% used [0x00000007f45d0000,0x00000007f45d0000,0x00000007f59f0000)
 ParOldGen       total 84224K, used 57684K [0x0000000780000000, 0x0000000785240000, 0x00000007d5560000)
  object space 84224K, 68% used [0x0000000780000000,0x0000000783855150,0x0000000785240000)
 PSPermGen       total 47936K, used 47849K [0x0000000760000000, 0x0000000762ed0000, 0x0000000780000000)
  object space 47936K, 99% used [0x0000000760000000,0x0000000762eba6f0,0x0000000762ed0000)
}
Event: 163.601 GC heap before
{Heap before GC invocations=15 (full 1):
 PSYoungGen      total 528832K, used 11102K [0x00000007d5560000, 0x00000007f6e10000, 0x0000000800000000)
  eden space 508352K, 0% used [0x00000007d5560000,0x00000007d5560000,0x00000007f45d0000)
  from space 20480K, 54% used [0x00000007f5a10000,0x00000007f64e7828,0x00000007f6e10000)
  to   space 20608K, 0% used [0x00000007f45d0000,0x00000007f45d0000,0x00000007f59f0000)
 ParOldGen       total 84224K, used 57684K [0x0000000780000000, 0x0000000785240000, 0x00000007d5560000)
  object space 84224K, 68% used [0x0000000780000000,0x0000000783855150,0x0000000785240000)
 PSPermGen       total 47936K, used 47849K [0x0000000760000000, 0x0000000762ed0000, 0x0000000780000000)
  object space 47936K, 99% used [0x0000000760000000,0x0000000762eba6f0,0x0000000762ed0000)
Event: 168.482 GC heap after
Heap after GC invocations=15 (full 1):
 PSYoungGen      total 528832K, used 0K [0x00000007d5560000, 0x00000007f6e10000, 0x0000000800000000)
  eden space 508352K, 0% used [0x00000007d5560000,0x00000007d5560000,0x00000007f45d0000)
  from space 20480K, 0% used [0x00000007f5a10000,0x00000007f5a10000,0x00000007f6e10000)
  to   space 20608K, 0% used [0x00000007f45d0000,0x00000007f45d0000,0x00000007f59f0000)
 ParOldGen       total 84224K, used 43435K [0x0000000780000000, 0x0000000785240000, 0x00000007d5560000)
  object space 84224K, 51% used [0x0000000780000000,0x0000000782a6ad18,0x0000000785240000)
 PSPermGen       total 95616K, used 47502K [0x0000000760000000, 0x0000000765d60000, 0x0000000780000000)
  object space 95616K, 49% used [0x0000000760000000,0x0000000762e63988,0x0000000765d60000)
}

